c:\users\julio\desktop\main\projects\delusional-master\intermediate\chams.obj
c:\users\julio\desktop\main\projects\delusional-master\intermediate\scaleform.obj
c:\users\julio\desktop\main\projects\delusional-master\intermediate\aimbot.obj
c:\users\julio\desktop\main\projects\delusional-master\intermediate\get_color_modulation.obj
c:\users\julio\desktop\main\projects\delusional-master\intermediate\custom.obj
c:\users\julio\desktop\main\projects\delusional-master\intermediate\skins.obj
c:\users\julio\desktop\main\projects\delusional-master\intermediate\fire_event.obj
c:\users\julio\desktop\main\projects\delusional-master\intermediate\config.obj
c:\users\julio\desktop\main\projects\delusional-master\intermediate\lock_cursor.obj
c:\users\julio\desktop\main\projects\delusional-master\intermediate\prediction.obj
c:\users\julio\desktop\main\projects\delusional-master\intermediate\create_move.obj
c:\users\julio\desktop\main\projects\delusional-master\intermediate\vsnprintf.obj
c:\users\julio\desktop\main\projects\delusional-master\intermediate\recorder.obj
c:\users\julio\desktop\main\projects\delusional-master\intermediate\is_using_static_prop_debug_modes.obj
c:\users\julio\desktop\main\projects\delusional-master\intermediate\view_matrix.obj
c:\users\julio\desktop\main\projects\delusional-master\intermediate\render.obj
c:\users\julio\desktop\main\projects\delusional-master\intermediate\autowall.obj
c:\users\julio\desktop\main\projects\delusional-master\intermediate\draw_model_execute.obj
c:\users\julio\desktop\main\projects\delusional-master\intermediate\override_view.obj
c:\users\julio\desktop\main\projects\delusional-master\intermediate\scripts.obj
c:\users\julio\desktop\main\projects\delusional-master\intermediate\jumpstats.obj
c:\users\julio\desktop\main\projects\delusional-master\intermediate\frame_stage_notify.obj
c:\users\julio\desktop\main\projects\delusional-master\intermediate\hooks.obj
c:\users\julio\desktop\main\projects\delusional-master\intermediate\override_mouse_input.obj
c:\users\julio\desktop\main\projects\delusional-master\intermediate\movement.obj
c:\users\julio\desktop\main\projects\delusional-master\intermediate\level_init_pre_entity.obj
c:\users\julio\desktop\main\projects\delusional-master\intermediate\netvars.obj
c:\users\julio\desktop\main\projects\delusional-master\intermediate\knife_proxy.obj
c:\users\julio\desktop\main\projects\delusional-master\intermediate\emit_sound.obj
c:\users\julio\desktop\main\projects\delusional-master\intermediate\paint_traverse.obj
c:\users\julio\desktop\main\projects\delusional-master\intermediate\parser.obj
c:\users\julio\desktop\main\projects\delusional-master\intermediate\d3d.obj
c:\users\julio\desktop\main\projects\delusional-master\intermediate\menu.obj
c:\users\julio\desktop\main\projects\delusional-master\intermediate\visuals.obj
c:\users\julio\desktop\main\projects\delusional-master\intermediate\modify_eye_position.obj
c:\users\julio\desktop\main\projects\delusional-master\intermediate\events.obj
c:\users\julio\desktop\main\projects\delusional-master\intermediate\do_post_screen_effects.obj
c:\users\julio\desktop\main\projects\delusional-master\intermediate\send_datagram.obj
c:\users\julio\desktop\main\projects\delusional-master\intermediate\dllmain.obj
c:\users\julio\desktop\main\projects\delusional-master\intermediate\on_screen_size_changed.obj
c:\users\julio\desktop\main\projects\delusional-master\intermediate\sdk.obj
c:\users\julio\desktop\main\projects\delusional-master\intermediate\misc.obj
c:\users\julio\desktop\main\projects\delusional-master\intermediate\get_screen_aspect_ratio.obj
c:\users\julio\desktop\main\projects\delusional-master\intermediate\vec3.obj
c:\users\julio\desktop\main\projects\delusional-master\intermediate\imgui_draw.obj
c:\users\julio\desktop\main\projects\delusional-master\intermediate\imgui_widgets.obj
c:\users\julio\desktop\main\projects\delusional-master\intermediate\imgui_tables.obj
c:\users\julio\desktop\main\projects\delusional-master\intermediate\imgui_freetype.obj
c:\users\julio\desktop\main\projects\delusional-master\intermediate\imgui.obj
c:\users\julio\desktop\main\projects\delusional-master\intermediate\imgui_impl_dx9.obj
c:\users\julio\desktop\main\projects\delusional-master\intermediate\imgui_demo.obj
c:\users\julio\desktop\main\projects\delusional-master\intermediate\imgui_stdlib.obj
c:\users\julio\desktop\main\projects\delusional-master\intermediate\imgui_impl_win32.obj
c:\users\julio\desktop\main\projects\delusional-master\intermediate\jsoncpp.obj
c:\users\julio\desktop\main\projects\delusional-master\intermediate\alloc_key_values_memory.obj
c:\users\julio\desktop\main\projects\delusional-master\intermediate\lcode.obj
c:\users\julio\desktop\main\projects\delusional-master\intermediate\lmem.obj
c:\users\julio\desktop\main\projects\delusional-master\intermediate\lvm.obj
c:\users\julio\desktop\main\projects\delusional-master\intermediate\lcorolib.obj
c:\users\julio\desktop\main\projects\delusional-master\intermediate\lstring.obj
c:\users\julio\desktop\main\projects\delusional-master\intermediate\hde64.obj
c:\users\julio\desktop\main\projects\delusional-master\intermediate\lstrlib.obj
c:\users\julio\desktop\main\projects\delusional-master\intermediate\ldo.obj
c:\users\julio\desktop\main\projects\delusional-master\intermediate\ltable.obj
c:\users\julio\desktop\main\projects\delusional-master\intermediate\lutf8lib.obj
c:\users\julio\desktop\main\projects\delusional-master\intermediate\llex.obj
c:\users\julio\desktop\main\projects\delusional-master\intermediate\trampoline.obj
c:\users\julio\desktop\main\projects\delusional-master\intermediate\lauxlib.obj
c:\users\julio\desktop\main\projects\delusional-master\intermediate\lfunc.obj
c:\users\julio\desktop\main\projects\delusional-master\intermediate\lparser.obj
c:\users\julio\desktop\main\projects\delusional-master\intermediate\ldump.obj
c:\users\julio\desktop\main\projects\delusional-master\intermediate\lstate.obj
c:\users\julio\desktop\main\projects\delusional-master\intermediate\lundump.obj
c:\users\julio\desktop\main\projects\delusional-master\intermediate\lgc.obj
c:\users\julio\desktop\main\projects\delusional-master\intermediate\lbitlib.obj
c:\users\julio\desktop\main\projects\delusional-master\intermediate\lmathlib.obj
c:\users\julio\desktop\main\projects\delusional-master\intermediate\lzio.obj
c:\users\julio\desktop\main\projects\delusional-master\intermediate\liolib.obj
c:\users\julio\desktop\main\projects\delusional-master\intermediate\hde32.obj
c:\users\julio\desktop\main\projects\delusional-master\intermediate\lapi.obj
c:\users\julio\desktop\main\projects\delusional-master\intermediate\loadlib.obj
c:\users\julio\desktop\main\projects\delusional-master\intermediate\ldebug.obj
c:\users\julio\desktop\main\projects\delusional-master\intermediate\lua.obj
c:\users\julio\desktop\main\projects\delusional-master\intermediate\ldblib.obj
c:\users\julio\desktop\main\projects\delusional-master\intermediate\loslib.obj
c:\users\julio\desktop\main\projects\delusional-master\intermediate\hook.obj
c:\users\julio\desktop\main\projects\delusional-master\intermediate\lopcodes.obj
c:\users\julio\desktop\main\projects\delusional-master\intermediate\ltablib.obj
c:\users\julio\desktop\main\projects\delusional-master\intermediate\buffer.obj
c:\users\julio\desktop\main\projects\delusional-master\intermediate\lctype.obj
c:\users\julio\desktop\main\projects\delusional-master\intermediate\lobject.obj
c:\users\julio\desktop\main\projects\delusional-master\intermediate\lbaselib.obj
c:\users\julio\desktop\main\projects\delusional-master\intermediate\linit.obj
c:\users\julio\desktop\main\projects\delusional-master\intermediate\ltm.obj
c:\users\julio\desktop\main\projects\delusional-master\intermediate\vc143.pdb
c:\users\julio\desktop\main\projects\delusional-master\bin\release\release.dll
c:\users\julio\desktop\main\projects\delusional-master\intermediate\release.ipdb
c:\users\julio\desktop\main\projects\delusional-master\intermediate\release.iobj
c:\users\julio\desktop\main\projects\delusional-master\bin\release\release.pdb
c:\users\julio\desktop\main\projects\delusional-master\intermediate\debug.ilk
c:\users\julio\desktop\main\projects\delusional-master\intermediate\vc143.idb
c:\users\julio\desktop\main\projects\delusional-master\intermediate\delusional.tlog\cl.command.1.tlog
c:\users\julio\desktop\main\projects\delusional-master\intermediate\delusional.tlog\cl.read.1.tlog
c:\users\julio\desktop\main\projects\delusional-master\intermediate\delusional.tlog\cl.write.1.tlog
c:\users\julio\desktop\main\projects\delusional-master\intermediate\delusional.tlog\link.command.1.tlog
c:\users\julio\desktop\main\projects\delusional-master\intermediate\delusional.tlog\link.read.1.tlog
c:\users\julio\desktop\main\projects\delusional-master\intermediate\delusional.tlog\link.write.1.tlog
